[2019-09-05 15:36:15,810][DEBUG][io.undertow.request.io] UT005014: Failed to parse HTTP request
java.lang.IllegalArgumentException: Invalid string contents
	at io.undertow.util.HttpString.<init>(HttpString.java:111)
	at io.undertow.util.HttpString.<init>(HttpString.java:101)
	at io.undertow.server.protocol.http.HttpRequestParser$$generated.handleHttpVerb(Unknown Source)
	at io.undertow.server.protocol.http.HttpRequestParser.handle(HttpRequestParser.java:213)
	at io.undertow.server.protocol.http.HttpReadListener.handleEventWithNoRunningRequest(HttpReadListener.java:176)
	at io.undertow.server.protocol.http.HttpReadListener.handleEvent(HttpReadListener.java:128)
	at io.undertow.server.protocol.http.HttpReadListener.handleEvent(HttpReadListener.java:56)
	at org.xnio.ChannelListeners.invokeChannelListener(ChannelListeners.java:92)
	at org.xnio.conduits.ReadReadyHandler$ChannelListenerHandler.readReady(ReadReadyHandler.java:66)
	at org.xnio.nio.NioSocketConduit.handleReady(NioSocketConduit.java:89)
	at org.xnio.nio.WorkerThread.run(WorkerThread.java:545)
[2019-09-05 15:36:23,353][DEBUG][io.undertow.request.io] UT005014: Failed to parse HTTP request
java.lang.IllegalArgumentException: Invalid string contents
	at io.undertow.util.HttpString.<init>(HttpString.java:111)
	at io.undertow.util.HttpString.<init>(HttpString.java:101)
	at io.undertow.server.protocol.http.HttpRequestParser$$generated.handleHttpVerb(Unknown Source)
	at io.undertow.server.protocol.http.HttpRequestParser.handle(HttpRequestParser.java:213)
	at io.undertow.server.protocol.http.HttpReadListener.handleEventWithNoRunningRequest(HttpReadListener.java:176)
	at io.undertow.server.protocol.http.HttpReadListener.handleEvent(HttpReadListener.java:128)
	at io.undertow.server.protocol.http.HttpOpenListener.handleEvent(HttpOpenListener.java:143)
	at io.undertow.server.protocol.http.HttpOpenListener.handleEvent(HttpOpenListener.java:90)
	at io.undertow.server.protocol.http.HttpOpenListener.handleEvent(HttpOpenListener.java:49)
	at org.xnio.ChannelListeners.invokeChannelListener(ChannelListeners.java:92)
	at org.xnio.ChannelListeners$10.handleEvent(ChannelListeners.java:291)
	at org.xnio.ChannelListeners$10.handleEvent(ChannelListeners.java:286)
	at org.xnio.ChannelListeners.invokeChannelListener(ChannelListeners.java:92)
	at org.xnio.nio.NioTcpServerHandle.handleReady(NioTcpServerHandle.java:53)
	at org.xnio.nio.WorkerThread.run(WorkerThread.java:545)
[2019-09-05 15:36:23,355][DEBUG][io.undertow.request.io] UT005014: Failed to parse HTTP request
java.lang.IllegalArgumentException: Invalid string contents
	at io.undertow.util.HttpString.<init>(HttpString.java:111)
	at io.undertow.util.HttpString.<init>(HttpString.java:101)
	at io.undertow.server.protocol.http.HttpRequestParser$$generated.handleHttpVerb(Unknown Source)
	at io.undertow.server.protocol.http.HttpRequestParser.handle(HttpRequestParser.java:213)
	at io.undertow.server.protocol.http.HttpReadListener.handleEventWithNoRunningRequest(HttpReadListener.java:176)
	at io.undertow.server.protocol.http.HttpReadListener.handleEvent(HttpReadListener.java:128)
	at io.undertow.server.protocol.http.HttpOpenListener.handleEvent(HttpOpenListener.java:143)
	at io.undertow.server.protocol.http.HttpOpenListener.handleEvent(HttpOpenListener.java:90)
	at io.undertow.server.protocol.http.HttpOpenListener.handleEvent(HttpOpenListener.java:49)
	at org.xnio.ChannelListeners.invokeChannelListener(ChannelListeners.java:92)
	at org.xnio.ChannelListeners$10.handleEvent(ChannelListeners.java:291)
	at org.xnio.ChannelListeners$10.handleEvent(ChannelListeners.java:286)
	at org.xnio.ChannelListeners.invokeChannelListener(ChannelListeners.java:92)
	at org.xnio.nio.NioTcpServerHandle.handleReady(NioTcpServerHandle.java:53)
	at org.xnio.nio.WorkerThread.run(WorkerThread.java:545)
[2019-09-05 15:36:50,198][DEBUG][io.undertow.request.io] UT005014: Failed to parse HTTP request
java.lang.IllegalArgumentException: Invalid string contents
	at io.undertow.util.HttpString.<init>(HttpString.java:111)
	at io.undertow.util.HttpString.<init>(HttpString.java:101)
	at io.undertow.server.protocol.http.HttpRequestParser$$generated.handleHttpVerb(Unknown Source)
	at io.undertow.server.protocol.http.HttpRequestParser.handle(HttpRequestParser.java:213)
	at io.undertow.server.protocol.http.HttpReadListener.handleEventWithNoRunningRequest(HttpReadListener.java:176)
	at io.undertow.server.protocol.http.HttpReadListener.handleEvent(HttpReadListener.java:128)
	at io.undertow.server.protocol.http.HttpReadListener.handleEvent(HttpReadListener.java:56)
	at org.xnio.ChannelListeners.invokeChannelListener(ChannelListeners.java:92)
	at org.xnio.conduits.ReadReadyHandler$ChannelListenerHandler.readReady(ReadReadyHandler.java:66)
	at org.xnio.nio.NioSocketConduit.handleReady(NioSocketConduit.java:89)
	at org.xnio.nio.WorkerThread.run(WorkerThread.java:545)
[2019-09-05 15:36:50,198][DEBUG][io.undertow.request.io] UT005014: Failed to parse HTTP request
java.lang.IllegalArgumentException: Invalid string contents
	at io.undertow.util.HttpString.<init>(HttpString.java:111)
	at io.undertow.util.HttpString.<init>(HttpString.java:101)
	at io.undertow.server.protocol.http.HttpRequestParser$$generated.handleHttpVerb(Unknown Source)
	at io.undertow.server.protocol.http.HttpRequestParser.handle(HttpRequestParser.java:213)
	at io.undertow.server.protocol.http.HttpReadListener.handleEventWithNoRunningRequest(HttpReadListener.java:176)
	at io.undertow.server.protocol.http.HttpReadListener.handleEvent(HttpReadListener.java:128)
	at io.undertow.server.protocol.http.HttpReadListener.handleEvent(HttpReadListener.java:56)
	at org.xnio.ChannelListeners.invokeChannelListener(ChannelListeners.java:92)
	at org.xnio.conduits.ReadReadyHandler$ChannelListenerHandler.readReady(ReadReadyHandler.java:66)
	at org.xnio.nio.NioSocketConduit.handleReady(NioSocketConduit.java:89)
	at org.xnio.nio.WorkerThread.run(WorkerThread.java:545)
[2019-09-05 15:37:46,131][DEBUG][io.undertow.request.io] UT005014: Failed to parse HTTP request
java.lang.IllegalArgumentException: Invalid string contents
	at io.undertow.util.HttpString.<init>(HttpString.java:111)
	at io.undertow.util.HttpString.<init>(HttpString.java:101)
	at io.undertow.server.protocol.http.HttpRequestParser$$generated.handleHttpVerb(Unknown Source)
	at io.undertow.server.protocol.http.HttpRequestParser.handle(HttpRequestParser.java:213)
	at io.undertow.server.protocol.http.HttpReadListener.handleEventWithNoRunningRequest(HttpReadListener.java:176)
	at io.undertow.server.protocol.http.HttpReadListener.handleEvent(HttpReadListener.java:128)
	at io.undertow.server.protocol.http.HttpReadListener.handleEvent(HttpReadListener.java:56)
	at org.xnio.ChannelListeners.invokeChannelListener(ChannelListeners.java:92)
	at org.xnio.conduits.ReadReadyHandler$ChannelListenerHandler.readReady(ReadReadyHandler.java:66)
	at org.xnio.nio.NioSocketConduit.handleReady(NioSocketConduit.java:89)
	at org.xnio.nio.WorkerThread.run(WorkerThread.java:545)
[2019-09-05 15:37:46,131][DEBUG][io.undertow.request.io] UT005014: Failed to parse HTTP request
java.lang.IllegalArgumentException: Invalid string contents
	at io.undertow.util.HttpString.<init>(HttpString.java:111)
	at io.undertow.util.HttpString.<init>(HttpString.java:101)
	at io.undertow.server.protocol.http.HttpRequestParser$$generated.handleHttpVerb(Unknown Source)
	at io.undertow.server.protocol.http.HttpRequestParser.handle(HttpRequestParser.java:213)
	at io.undertow.server.protocol.http.HttpReadListener.handleEventWithNoRunningRequest(HttpReadListener.java:176)
	at io.undertow.server.protocol.http.HttpReadListener.handleEvent(HttpReadListener.java:128)
	at io.undertow.server.protocol.http.HttpReadListener.handleEvent(HttpReadListener.java:56)
	at org.xnio.ChannelListeners.invokeChannelListener(ChannelListeners.java:92)
	at org.xnio.conduits.ReadReadyHandler$ChannelListenerHandler.readReady(ReadReadyHandler.java:66)
	at org.xnio.nio.NioSocketConduit.handleReady(NioSocketConduit.java:89)
	at org.xnio.nio.WorkerThread.run(WorkerThread.java:545)
[2019-09-05 15:37:46,917][DEBUG][io.undertow.request.io] UT005014: Failed to parse HTTP request
java.lang.IllegalArgumentException: Invalid string contents
	at io.undertow.util.HttpString.<init>(HttpString.java:111)
	at io.undertow.util.HttpString.<init>(HttpString.java:101)
	at io.undertow.server.protocol.http.HttpRequestParser$$generated.handleHttpVerb(Unknown Source)
	at io.undertow.server.protocol.http.HttpRequestParser.handle(HttpRequestParser.java:213)
	at io.undertow.server.protocol.http.HttpReadListener.handleEventWithNoRunningRequest(HttpReadListener.java:176)
	at io.undertow.server.protocol.http.HttpReadListener.handleEvent(HttpReadListener.java:128)
	at io.undertow.server.protocol.http.HttpReadListener.handleEvent(HttpReadListener.java:56)
	at org.xnio.ChannelListeners.invokeChannelListener(ChannelListeners.java:92)
	at org.xnio.conduits.ReadReadyHandler$ChannelListenerHandler.readReady(ReadReadyHandler.java:66)
	at org.xnio.nio.NioSocketConduit.handleReady(NioSocketConduit.java:89)
	at org.xnio.nio.WorkerThread.run(WorkerThread.java:545)
[2019-09-05 15:37:46,941][DEBUG][io.undertow.request.io] UT005014: Failed to parse HTTP request
java.lang.IllegalArgumentException: Invalid string contents
	at io.undertow.util.HttpString.<init>(HttpString.java:111)
	at io.undertow.util.HttpString.<init>(HttpString.java:101)
	at io.undertow.server.protocol.http.HttpRequestParser$$generated.handleHttpVerb(Unknown Source)
	at io.undertow.server.protocol.http.HttpRequestParser.handle(HttpRequestParser.java:213)
	at io.undertow.server.protocol.http.HttpReadListener.handleEventWithNoRunningRequest(HttpReadListener.java:176)
	at io.undertow.server.protocol.http.HttpReadListener.handleEvent(HttpReadListener.java:128)
	at io.undertow.server.protocol.http.HttpReadListener.handleEvent(HttpReadListener.java:56)
	at org.xnio.ChannelListeners.invokeChannelListener(ChannelListeners.java:92)
	at org.xnio.conduits.ReadReadyHandler$ChannelListenerHandler.readReady(ReadReadyHandler.java:66)
	at org.xnio.nio.NioSocketConduit.handleReady(NioSocketConduit.java:89)
	at org.xnio.nio.WorkerThread.run(WorkerThread.java:545)
[2019-09-05 15:37:46,948][DEBUG][io.undertow.request.io] UT005014: Failed to parse HTTP request
java.lang.IllegalArgumentException: Invalid string contents
	at io.undertow.util.HttpString.<init>(HttpString.java:111)
	at io.undertow.util.HttpString.<init>(HttpString.java:101)
	at io.undertow.server.protocol.http.HttpRequestParser$$generated.handleHttpVerb(Unknown Source)
	at io.undertow.server.protocol.http.HttpRequestParser.handle(HttpRequestParser.java:213)
	at io.undertow.server.protocol.http.HttpReadListener.handleEventWithNoRunningRequest(HttpReadListener.java:176)
	at io.undertow.server.protocol.http.HttpReadListener.handleEvent(HttpReadListener.java:128)
	at io.undertow.server.protocol.http.HttpOpenListener.handleEvent(HttpOpenListener.java:143)
	at io.undertow.server.protocol.http.HttpOpenListener.handleEvent(HttpOpenListener.java:90)
	at io.undertow.server.protocol.http.HttpOpenListener.handleEvent(HttpOpenListener.java:49)
	at org.xnio.ChannelListeners.invokeChannelListener(ChannelListeners.java:92)
	at org.xnio.ChannelListeners$10.handleEvent(ChannelListeners.java:291)
	at org.xnio.ChannelListeners$10.handleEvent(ChannelListeners.java:286)
	at org.xnio.ChannelListeners.invokeChannelListener(ChannelListeners.java:92)
	at org.xnio.nio.NioTcpServerHandle.handleReady(NioTcpServerHandle.java:53)
	at org.xnio.nio.WorkerThread.run(WorkerThread.java:545)
[2019-09-05 15:39:50,393][INFO][luminus.repl-server] nREPL server stopped
[2019-09-05 15:39:50,394][INFO][rna.handler] rna is shutting down...
[2019-09-05 15:39:50,395][INFO][com.zaxxer.hikari.pool.HikariPool] HikariPool-0 - is closing down.
[2019-09-05 15:39:50,403][INFO][rna.handler] #'rna.db.core/*db* stopped
[2019-09-05 15:39:50,403][INFO][rna.handler] shutdown complete!
[2019-09-05 15:39:50,404][DEBUG][org.projectodd.wunderboss.WunderBoss] Returning existing component for org.projectodd.wunderboss.web.Web:115062141, ignoring options.
[2019-09-05 15:39:50,409][INFO][luminus.http-server] HTTP server stopped
[2019-09-05 15:55:39,433][DEBUG][org.jboss.logging] Logging Provider: org.jboss.logging.Log4jLoggerProvider
[2019-09-05 15:55:40,702][INFO][luminus.repl-server] nREPL server started on port 7000
[2019-09-05 15:55:40,707][INFO][com.zaxxer.hikari.HikariDataSource] HikariPool-0 - is starting.
[2019-09-05 15:55:40,958][INFO][rna.handler] #'rna.db.core/*db* started
[2019-09-05 15:55:40,958][INFO][rna.config] 
-=[rna started successfully using the development profile]=-
[2019-09-05 15:55:40,999][INFO][org.xnio] XNIO version 3.4.0.Beta1
[2019-09-05 15:55:41,058][INFO][org.xnio.nio] XNIO NIO Implementation Version 3.4.0.Beta1
[2019-09-05 15:55:41,120][INFO][org.projectodd.wunderboss.web.Web] Registered web context /
[2019-09-05 15:55:41,121][INFO][luminus.http-server] server started on port 8080
[2019-09-05 16:00:18,173][INFO][luminus.repl-server] nREPL server stopped
[2019-09-05 16:00:18,175][INFO][rna.handler] rna is shutting down...
[2019-09-05 16:00:18,176][INFO][com.zaxxer.hikari.pool.HikariPool] HikariPool-0 - is closing down.
[2019-09-05 16:00:18,186][INFO][rna.handler] #'rna.db.core/*db* stopped
[2019-09-05 16:00:18,186][INFO][rna.handler] shutdown complete!
[2019-09-05 16:00:18,187][DEBUG][org.projectodd.wunderboss.WunderBoss] Returning existing component for org.projectodd.wunderboss.web.Web:115062141, ignoring options.
[2019-09-05 16:00:18,192][INFO][luminus.http-server] HTTP server stopped
[2019-09-05 16:06:48,972][INFO][com.zaxxer.hikari.HikariDataSource] HikariPool-0 - is starting.
[2019-09-05 16:06:49,283][INFO][rna.handler] #'rna.db.core/*db* started
[2019-09-05 16:06:49,283][INFO][rna.config] 
-=[rna started successfully]=-
[2019-09-05 16:06:49,315][INFO][org.xnio] XNIO version 3.4.0.Beta1
[2019-09-05 16:06:49,521][INFO][org.xnio.nio] XNIO NIO Implementation Version 3.4.0.Beta1
[2019-09-05 16:06:49,629][INFO][org.projectodd.wunderboss.web.Web] Registered web context /
[2019-09-05 16:06:49,633][INFO][luminus.http-server] server started on port 3000
[2019-09-05 16:07:26,817][INFO][rna.handler] rna is shutting down...
[2019-09-05 16:07:26,820][INFO][com.zaxxer.hikari.pool.HikariPool] HikariPool-0 - is closing down.
[2019-09-05 16:07:26,826][INFO][rna.handler] #'rna.db.core/*db* stopped
[2019-09-05 16:07:26,826][INFO][rna.handler] shutdown complete!
[2019-09-05 16:07:26,840][INFO][luminus.http-server] HTTP server stopped
[2019-09-05 16:07:59,254][INFO][com.zaxxer.hikari.HikariDataSource] HikariPool-0 - is starting.
[2019-09-05 16:07:59,440][INFO][rna.handler] #'rna.db.core/*db* started
[2019-09-05 16:07:59,440][INFO][rna.config] 
-=[rna started successfully]=-
[2019-09-05 16:07:59,473][INFO][org.xnio] XNIO version 3.4.0.Beta1
[2019-09-05 16:07:59,526][INFO][org.xnio.nio] XNIO NIO Implementation Version 3.4.0.Beta1
[2019-09-05 16:07:59,612][INFO][org.projectodd.wunderboss.web.Web] Registered web context /
[2019-09-05 16:07:59,615][INFO][luminus.http-server] server started on port 8080
[2019-09-05 16:10:43,988][INFO][rna.handler] rna is shutting down...
[2019-09-05 16:10:43,989][INFO][com.zaxxer.hikari.pool.HikariPool] HikariPool-0 - is closing down.
[2019-09-05 16:10:43,991][INFO][rna.handler] #'rna.db.core/*db* stopped
[2019-09-05 16:10:43,991][INFO][rna.handler] shutdown complete!
[2019-09-05 16:10:44,003][INFO][luminus.http-server] HTTP server stopped
